2026-03-06 01:26:29,243 - __main__ - INFO - 记录买入：贵研铂业 (sh.600459) 1000股 @ 26.27
2026-03-06 09:13:03,068 - __main__ - INFO - 记录买入：贵研铂业 (sh.600459) 1000股 @ 26.27
2026-03-06 09:40:03,462 - __main__ - INFO - 检查政策风险 (2026-03-06)...
2026-03-06 09:40:03,462 - __main__ - INFO - A 股风险检查完成：跌停0只，停牌0只
2026-03-06 09:50:04,338 - __main__ - INFO - 检查政策风险 (2026-03-06)...
2026-03-06 09:50:04,338 - __main__ - INFO - A 股风险检查完成：跌停0只，停牌0只
2026-03-06 10:02:10,957 - __main__ - INFO - 检查政策风险 (2026-03-06)...
2026-03-06 10:02:10,957 - __main__ - INFO - A 股风险检查完成：跌停0只，停牌0只
2026-03-06 10:10:03,424 - __main__ - INFO - 检查政策风险 (2026-03-06)...
2026-03-06 10:10:03,424 - __main__ - INFO - A 股风险检查完成：跌停0只，停牌0只
2026-03-06 10:20:04,897 - __main__ - INFO - 检查政策风险 (2026-03-06)...
2026-03-06 10:20:04,897 - __main__ - INFO - A 股风险检查完成：跌停0只，停牌0只
2026-03-06 10:30:03,997 - __main__ - INFO - 检查政策风险 (2026-03-06)...
2026-03-06 10:30:03,997 - __main__ - INFO - A 股风险检查完成：跌停0只，停牌0只
2026-03-06 10:40:09,471 - __main__ - INFO - 检查政策风险 (2026-03-06)...
2026-03-06 10:40:09,471 - __main__ - INFO - A 股风险检查完成：跌停0只，停牌0只
2026-03-06 10:50:08,181 - __main__ - INFO - 检查政策风险 (2026-03-06)...
2026-03-06 10:50:08,181 - __main__ - INFO - A 股风险检查完成：跌停0只，停牌0只
2026-03-06 11:00:10,249 - __main__ - INFO - 检查政策风险 (2026-03-06)...
2026-03-06 11:00:10,250 - __main__ - INFO - A 股风险检查完成：跌停0只，停牌0只
2026-03-06 11:10:03,967 - __main__ - INFO - 检查政策风险 (2026-03-06)...
2026-03-06 11:10:03,968 - __main__ - INFO - A 股风险检查完成：跌停0只，停牌0只
2026-03-06 11:20:06,713 - __main__ - INFO - 检查政策风险 (2026-03-06)...
2026-03-06 11:20:06,713 - __main__ - INFO - A 股风险检查完成：跌停0只，停牌0只
2026-03-06 11:31:06,153 - __main__ - INFO - 检查政策风险 (2026-03-06)...
2026-03-06 11:31:06,153 - __main__ - INFO - A 股风险检查完成：跌停0只，停牌0只
2026-03-06 11:40:03,638 - __main__ - INFO - 检查政策风险 (2026-03-06)...
2026-03-06 11:40:03,638 - __main__ - INFO - A 股风险检查完成：跌停0只，停牌0只
2026-03-06 11:50:07,025 - __main__ - INFO - 检查政策风险 (2026-03-06)...
2026-03-06 11:50:07,025 - __main__ - INFO - A 股风险检查完成：跌停0只，停牌0只
2026-03-06 13:00:08,269 - __main__ - INFO - 检查政策风险 (2026-03-06)...
2026-03-06 13:00:08,269 - __main__ - INFO - A 股风险检查完成：跌停0只，停牌0只
2026-03-06 13:10:03,097 - __main__ - INFO - 检查政策风险 (2026-03-06)...
2026-03-06 13:10:03,097 - __main__ - INFO - A 股风险检查完成：跌停0只，停牌0只
2026-03-06 13:20:04,819 - __main__ - INFO - 检查政策风险 (2026-03-06)...
2026-03-06 13:20:04,819 - __main__ - INFO - A 股风险检查完成：跌停0只，停牌0只
2026-03-06 13:30:03,750 - __main__ - INFO - 检查政策风险 (2026-03-06)...
2026-03-06 13:30:03,750 - __main__ - INFO - A 股风险检查完成：跌停0只，停牌0只
2026-03-06 13:40:05,735 - __main__ - INFO - 检查政策风险 (2026-03-06)...
2026-03-06 13:40:05,735 - __main__ - INFO - A 股风险检查完成：跌停0只，停牌0只
2026-03-06 13:50:06,248 - __main__ - INFO - 检查政策风险 (2026-03-06)...
2026-03-06 13:50:06,248 - __main__ - INFO - A 股风险检查完成：跌停0只，停牌0只
2026-03-06 14:01:30,813 - __main__ - INFO - 检查政策风险 (2026-03-06)...
2026-03-06 14:01:30,813 - __main__ - INFO - A 股风险检查完成：跌停0只，停牌0只
2026-03-06 14:10:04,979 - __main__ - INFO - 检查政策风险 (2026-03-06)...
2026-03-06 14:10:04,979 - __main__ - INFO - A 股风险检查完成：跌停0只，停牌0只
2026-03-06 14:20:04,907 - __main__ - INFO - 检查政策风险 (2026-03-06)...
2026-03-06 14:20:04,907 - __main__ - INFO - A 股风险检查完成：跌停0只，停牌0只
2026-03-06 14:30:12,569 - __main__ - INFO - 检查政策风险 (2026-03-06)...
2026-03-06 14:30:12,569 - __main__ - INFO - A 股风险检查完成：跌停0只，停牌0只
2026-03-06 14:40:06,556 - __main__ - INFO - 检查政策风险 (2026-03-06)...
2026-03-06 14:40:06,556 - __main__ - INFO - A 股风险检查完成：跌停0只，停牌0只
2026-03-06 14:50:06,599 - __main__ - INFO - 检查政策风险 (2026-03-06)...
2026-03-06 14:50:06,599 - __main__ - INFO - A 股风险检查完成：跌停0只，停牌0只
2026-03-06 15:06:14,601 - __main__ - INFO - 检查政策风险 (2026-03-06)...
2026-03-06 15:06:14,601 - __main__ - INFO - A 股风险检查完成：跌停0只，停牌0只
2026-03-06 15:10:12,641 - __main__ - INFO - 检查政策风险 (2026-03-06)...
2026-03-06 15:10:12,642 - __main__ - INFO - A 股风险检查完成：跌停0只，停牌0只
2026-03-06 15:20:08,211 - __main__ - INFO - 检查政策风险 (2026-03-06)...
2026-03-06 15:20:08,212 - __main__ - INFO - A 股风险检查完成：跌停0只，停牌0只
2026-03-06 15:32:06,802 - __main__ - INFO - 检查政策风险 (2026-03-06)...
2026-03-06 15:32:06,802 - __main__ - INFO - A 股风险检查完成：跌停0只，停牌0只
2026-03-06 15:40:04,638 - __main__ - INFO - 检查政策风险 (2026-03-06)...
2026-03-06 15:40:04,638 - __main__ - INFO - A 股风险检查完成：跌停0只，停牌0只
2026-03-06 15:50:04,684 - __main__ - INFO - 检查政策风险 (2026-03-06)...
2026-03-06 15:50:04,684 - __main__ - INFO - A 股风险检查完成：跌停0只，停牌0只
2026-03-09 09:02:49,754 - __main__ - INFO - 检查政策风险 (2026-03-09)...
2026-03-09 09:02:49,755 - __main__ - INFO - A 股风险检查完成：跌停0只，停牌0只
2026-03-09 09:10:03,737 - __main__ - INFO - 检查政策风险 (2026-03-09)...
2026-03-09 09:10:03,737 - __main__ - INFO - A 股风险检查完成：跌停0只，停牌0只
2026-03-09 09:20:04,691 - __main__ - INFO - 检查政策风险 (2026-03-09)...
2026-03-09 09:20:04,692 - __main__ - INFO - A 股风险检查完成：跌停0只，停牌0只
2026-03-09 09:30:30,553 - __main__ - INFO - 检查政策风险 (2026-03-09)...
2026-03-09 09:30:30,554 - __main__ - INFO - A 股风险检查完成：跌停0只，停牌0只
2026-03-09 09:40:03,738 - __main__ - INFO - 检查政策风险 (2026-03-09)...
2026-03-09 09:40:03,738 - __main__ - INFO - A 股风险检查完成：跌停0只，停牌0只
2026-03-09 09:50:03,917 - __main__ - INFO - 检查政策风险 (2026-03-09)...
2026-03-09 09:50:03,917 - __main__ - INFO - A 股风险检查完成：跌停0只，停牌0只
2026-03-09 09:51:04,628 - __main__ - INFO - 加载持仓股票 7 只
2026-03-09 09:51:04,629 - __main__ - INFO - 加载自选股 0 只
2026-03-09 09:51:04,651 - __main__ - INFO - 检查政策风险 (2026-03-09)...
2026-03-09 09:51:04,651 - __main__ - INFO - A 股风险检查完成：跌停0只，停牌0只
2026-03-09 10:00:32,428 - __main__ - INFO - 加载持仓股票 7 只
2026-03-09 10:00:32,429 - __main__ - INFO - 加载自选股 0 只
2026-03-09 10:00:32,455 - __main__ - INFO - 检查政策风险 (2026-03-09)...
2026-03-09 10:00:32,455 - __main__ - INFO - A 股风险检查完成：跌停0只，停牌0只
2026-03-09 10:10:07,998 - __main__ - INFO - 加载持仓股票 7 只
2026-03-09 10:10:07,998 - __main__ - INFO - 加载自选股 0 只
2026-03-09 10:10:08,019 - __main__ - INFO - 检查政策风险 (2026-03-09)...
2026-03-09 10:10:08,019 - __main__ - INFO - A 股风险检查完成：跌停0只，停牌0只
2026-03-09 14:25:05,976 - __main__ - INFO - 加载持仓股票 7 只
2026-03-09 14:25:05,976 - __main__ - INFO - 加载自选股 0 只
2026-03-09 14:25:06,001 - __main__ - INFO - 检查政策风险 (2026-03-09)...
2026-03-09 14:25:06,001 - __main__ - INFO - A 股风险检查完成：跌停0只，停牌0只
2026-03-10 09:25:04,175 - __main__ - INFO - 加载持仓股票 7 只
2026-03-10 09:25:04,176 - __main__ - INFO - 加载自选股 0 只
2026-03-10 09:25:04,216 - __main__ - INFO - 检查政策风险 (2026-03-10)...
2026-03-10 09:25:04,216 - __main__ - INFO - A 股风险检查完成：跌停0只，停牌0只
2026-03-10 14:25:06,327 - __main__ - INFO - 加载持仓股票 7 只
2026-03-10 14:25:06,328 - __main__ - INFO - 加载自选股 0 只
2026-03-10 14:25:06,362 - __main__ - INFO - 检查政策风险 (2026-03-10)...
2026-03-10 14:25:06,362 - __main__ - INFO - A 股风险检查完成：跌停0只，停牌0只
2026-03-11 09:25:05,737 - __main__ - INFO - 加载持仓股票 7 只
2026-03-11 09:25:05,738 - __main__ - INFO - 加载自选股 0 只
2026-03-11 09:25:05,775 - __main__ - INFO - 检查政策风险 (2026-03-11)...
2026-03-11 09:25:05,775 - __main__ - INFO - A 股风险检查完成：跌停0只，停牌0只
2026-03-11 14:25:06,556 - __main__ - INFO - 加载持仓股票 7 只
2026-03-11 14:25:06,557 - __main__ - INFO - 加载自选股 0 只
2026-03-11 14:25:06,599 - __main__ - INFO - 检查政策风险 (2026-03-11)...
2026-03-11 14:25:06,599 - __main__ - INFO - A 股风险检查完成：跌停0只，停牌0只
2026-03-12 09:25:08,110 - __main__ - INFO - 加载持仓股票 1 只
2026-03-12 09:25:08,110 - __main__ - INFO - 加载自选股 0 只
2026-03-12 09:25:08,127 - __main__ - INFO - 检查政策风险 (2026-03-12)...
2026-03-12 09:25:08,127 - __main__ - INFO - A 股风险检查完成：跌停0只，停牌0只
2026-03-12 14:25:14,403 - __main__ - INFO - 加载持仓股票 1 只
2026-03-12 14:25:14,404 - __main__ - INFO - 加载自选股 0 只
2026-03-12 14:25:14,420 - __main__ - INFO - 检查政策风险 (2026-03-12)...
2026-03-12 14:25:14,420 - __main__ - INFO - A 股风险检查完成：跌停0只，停牌0只
2026-03-13 09:25:07,590 - __main__ - INFO - 加载持仓股票 1 只
2026-03-13 09:25:07,590 - __main__ - INFO - 加载自选股 0 只
2026-03-13 09:25:07,609 - __main__ - INFO - 检查政策风险 (2026-03-13)...
2026-03-13 09:25:07,609 - __main__ - INFO - A 股风险检查完成：跌停0只，停牌0只
2026-03-13 14:25:06,175 - __main__ - INFO - 加载持仓股票 1 只
2026-03-13 14:25:06,176 - __main__ - INFO - 加载自选股 0 只
2026-03-13 14:25:06,194 - __main__ - INFO - 检查政策风险 (2026-03-13)...
2026-03-13 14:25:06,194 - __main__ - INFO - A 股风险检查完成：跌停0只，停牌0只
2026-03-16 09:25:05,662 - __main__ - INFO - 加载持仓股票 1 只
2026-03-16 09:25:05,663 - __main__ - INFO - 加载自选股 0 只
2026-03-16 09:25:05,680 - __main__ - INFO - 检查政策风险 (2026-03-16)...
2026-03-16 09:25:05,680 - __main__ - INFO - A 股风险检查完成：跌停0只，停牌0只
2026-03-16 14:25:08,347 - __main__ - INFO - 加载持仓股票 1 只
2026-03-16 14:25:08,348 - __main__ - INFO - 加载自选股 0 只
2026-03-16 14:25:08,361 - __main__ - INFO - 检查政策风险 (2026-03-16)...
2026-03-16 14:25:08,361 - __main__ - INFO - A 股风险检查完成：跌停0只，停牌0只
2026-03-17 09:25:08,234 - __main__ - INFO - 加载持仓股票 1 只
2026-03-17 09:25:08,235 - __main__ - INFO - 加载自选股 0 只
2026-03-17 09:25:08,252 - __main__ - INFO - 检查政策风险 (2026-03-17)...
2026-03-17 09:25:08,252 - __main__ - INFO - A 股风险检查完成：跌停0只，停牌0只
2026-03-17 14:25:07,274 - __main__ - INFO - 加载持仓股票 1 只
2026-03-17 14:25:07,275 - __main__ - INFO - 加载自选股 0 只
2026-03-17 14:25:07,295 - __main__ - INFO - 检查政策风险 (2026-03-17)...
2026-03-17 14:25:07,295 - __main__ - INFO - A 股风险检查完成：跌停0只，停牌0只
2026-03-18 09:25:03,660 - __main__ - INFO - 加载持仓股票 1 只
2026-03-18 09:25:03,660 - __main__ - INFO - 加载自选股 0 只
2026-03-18 09:25:03,675 - __main__ - INFO - 检查政策风险 (2026-03-18)...
2026-03-18 09:25:03,675 - __main__ - INFO - A 股风险检查完成：跌停0只，停牌0只
2026-03-18 14:25:10,048 - __main__ - INFO - 加载持仓股票 1 只
2026-03-18 14:25:10,049 - __main__ - INFO - 加载自选股 0 只
2026-03-18 14:25:10,064 - __main__ - INFO - 检查政策风险 (2026-03-18)...
2026-03-18 14:25:10,064 - __main__ - INFO - A 股风险检查完成：跌停0只，停牌0只
