2026-03-06 14:00:41,921 - __main__ - WARNING - API 故障：新浪财经 RSS - HTTP 400
2026-03-06 16:02:24,493 - __main__ - INFO - 飞书通知发送成功
2026-03-06 18:00:22,206 - __main__ - INFO - 飞书通知发送成功
2026-03-06 20:00:22,891 - __main__ - INFO - 飞书通知发送成功
2026-03-06 22:00:25,753 - __main__ - INFO - 飞书通知发送成功
2026-03-07 00:00:25,596 - __main__ - INFO - 飞书通知发送成功
2026-03-07 02:00:24,111 - __main__ - INFO - 飞书通知发送成功
2026-03-07 04:00:22,903 - __main__ - INFO - 飞书通知发送成功
2026-03-07 06:00:21,146 - __main__ - INFO - 飞书通知发送成功
2026-03-07 08:00:26,525 - __main__ - INFO - 飞书通知发送成功
2026-03-07 10:00:25,865 - __main__ - INFO - 飞书通知发送成功
2026-03-09 09:01:43,082 - __main__ - INFO - 飞书通知发送成功
2026-03-09 09:03:32,719 - __main__ - INFO - 飞书通知发送成功
2026-03-09 11:00:28,030 - __main__ - INFO - 飞书通知发送成功
2026-03-09 15:01:55,394 - __main__ - WARNING - API 故障：akshare - None
2026-03-09 15:02:00,480 - __main__ - INFO - 飞书通知发送成功
2026-03-10 09:02:33,330 - __main__ - INFO - 飞书通知发送成功
2026-03-10 11:00:18,619 - __main__ - INFO - 飞书通知发送成功
2026-03-10 15:04:57,206 - __main__ - INFO - 飞书通知发送成功
2026-03-11 09:10:21,942 - __main__ - WARNING - API 故障：SerpAPI - Connection Error
2026-03-11 09:10:38,950 - __main__ - WARNING - API 故障：Exa - Connection Error
2026-03-11 09:10:39,881 - __main__ - INFO - 飞书通知发送成功
2026-03-11 15:03:05,561 - __main__ - INFO - 飞书通知发送成功
2026-03-12 09:03:43,644 - __main__ - INFO - 飞书通知发送成功
2026-03-12 11:00:25,235 - __main__ - INFO - 飞书通知发送成功
2026-03-12 15:03:00,135 - __main__ - INFO - 飞书通知发送成功
2026-03-13 09:03:07,520 - __main__ - INFO - 飞书通知发送成功
2026-03-13 11:00:24,991 - __main__ - INFO - 飞书通知发送成功
2026-03-13 15:02:34,884 - __main__ - INFO - 飞书通知发送成功
2026-03-16 09:02:10,456 - __main__ - INFO - 飞书通知发送成功
2026-03-16 11:00:18,684 - __main__ - INFO - 飞书通知发送成功
2026-03-16 15:01:47,683 - __main__ - INFO - 飞书通知发送成功
2026-03-17 09:06:43,317 - __main__ - INFO - 飞书通知发送成功
2026-03-17 11:00:26,032 - __main__ - INFO - 飞书通知发送成功
2026-03-17 15:01:04,936 - __main__ - INFO - 飞书通知发送成功
2026-03-18 09:09:25,389 - __main__ - INFO - 飞书通知发送成功
2026-03-18 11:00:24,796 - __main__ - INFO - 飞书通知发送成功
2026-03-18 15:01:52,162 - __main__ - INFO - 飞书通知发送成功
