2026-03-11 15:13:37,881 - adapters.manager - INFO - ✅ Baostock 适配器已初始化
2026-03-11 15:13:38,250 - adapters.manager - INFO - ✅ AKShare 适配器已初始化
2026-03-11 15:13:38,250 - __main__ - INFO - 加载持仓: 7 只
2026-03-11 15:13:38,251 - __main__ - INFO - 加载预测: 15 条
2026-03-11 15:13:38,251 - __main__ - INFO - ✅ 自动交易系统 v3 初始化完成
2026-03-11 15:13:38,251 - __main__ - INFO - 
============================================================
2026-03-11 15:13:38,251 - __main__ - INFO - 🤖 自动交易系统 v3 - 卖出逻辑
2026-03-11 15:13:38,251 - __main__ - INFO - ⏰ 运行时间: 2026-03-11 15:13:38
2026-03-11 15:13:38,251 - __main__ - INFO - ============================================================
2026-03-11 15:13:38,251 - __main__ - INFO - 
============================================================
2026-03-11 15:13:38,251 - __main__ - INFO - 📊 扫描卖出信号...
2026-03-11 15:13:38,251 - __main__ - INFO - ============================================================
2026-03-11 15:13:42,265 - __main__ - INFO - 
发现 6 个卖出信号:
2026-03-11 15:13:42,265 - __main__ - INFO - 
[1] ⚠️ 止损触发：中国石化 亏损 -12.53%
2026-03-11 15:13:42,265 - __main__ - INFO -     代码: sh.600028
2026-03-11 15:13:42,265 - __main__ - INFO -     名称: 中国石化
2026-03-11 15:13:42,266 - __main__ - INFO -     价格: ¥6.56
2026-03-11 15:13:42,266 - __main__ - INFO -     盈亏: -12.53%
2026-03-11 15:13:42,266 - __main__ - INFO -     原因: 止损
2026-03-11 15:13:42,266 - __main__ - INFO -     卖出比例: 100%
2026-03-11 15:13:42,266 - __main__ - INFO - 
[2] ⏰ 时间止损：贵研铂业 持有 8 天，涨幅 -7.03%
2026-03-11 15:13:42,266 - __main__ - INFO -     代码: sh.600459
2026-03-11 15:13:42,266 - __main__ - INFO -     名称: 贵研铂业
2026-03-11 15:13:42,266 - __main__ - INFO -     价格: ¥23.00
2026-03-11 15:13:42,267 - __main__ - INFO -     盈亏: -7.03%
2026-03-11 15:13:42,267 - __main__ - INFO -     原因: 时间止损 (8日无涨幅)
2026-03-11 15:13:42,267 - __main__ - INFO -     卖出比例: 100%
2026-03-11 15:13:42,267 - __main__ - INFO - 
[3] ⏰ 时间止损：北方稀土 持有 8 天，涨幅 -6.17%
2026-03-11 15:13:42,267 - __main__ - INFO -     代码: sh.600111
2026-03-11 15:13:42,267 - __main__ - INFO -     名称: 北方稀土
2026-03-11 15:13:42,267 - __main__ - INFO -     价格: ¥53.97
2026-03-11 15:13:42,267 - __main__ - INFO -     盈亏: -6.17%
2026-03-11 15:13:42,267 - __main__ - INFO -     原因: 时间止损 (8日无涨幅)
2026-03-11 15:13:42,268 - __main__ - INFO -     卖出比例: 100%
2026-03-11 15:13:42,268 - __main__ - INFO - 
[4] ⏰ 时间止损：中色股份 持有 8 天，涨幅 -7.00%
2026-03-11 15:13:42,268 - __main__ - INFO -     代码: sz.000758
2026-03-11 15:13:42,268 - __main__ - INFO -     名称: 中色股份
2026-03-11 15:13:42,268 - __main__ - INFO -     价格: ¥7.84
2026-03-11 15:13:42,268 - __main__ - INFO -     盈亏: -7.00%
2026-03-11 15:13:42,268 - __main__ - INFO -     原因: 时间止损 (8日无涨幅)
2026-03-11 15:13:42,268 - __main__ - INFO -     卖出比例: 100%
2026-03-11 15:13:42,268 - __main__ - INFO - 
[5] ⏰ 时间止损：宝地矿业 持有 8 天，涨幅 -6.02%
2026-03-11 15:13:42,269 - __main__ - INFO -     代码: sh.601121
2026-03-11 15:13:42,269 - __main__ - INFO -     名称: 宝地矿业
2026-03-11 15:13:42,269 - __main__ - INFO -     价格: ¥8.28
2026-03-11 15:13:42,269 - __main__ - INFO -     盈亏: -6.02%
2026-03-11 15:13:42,269 - __main__ - INFO -     原因: 时间止损 (8日无涨幅)
2026-03-11 15:13:42,269 - __main__ - INFO -     卖出比例: 100%
2026-03-11 15:13:42,269 - __main__ - INFO - 
[6] ⏰ 时间止损：广汇能源 持有 7 天，涨幅 -1.76%
2026-03-11 15:13:42,269 - __main__ - INFO -     代码: sh.600256
2026-03-11 15:13:42,269 - __main__ - INFO -     名称: 广汇能源
2026-03-11 15:13:42,270 - __main__ - INFO -     价格: ¥6.69
2026-03-11 15:13:42,270 - __main__ - INFO -     盈亏: -1.76%
2026-03-11 15:13:42,270 - __main__ - INFO -     原因: 时间止损 (7日无涨幅)
2026-03-11 15:13:42,270 - __main__ - INFO -     卖出比例: 100%
2026-03-11 15:13:42,270 - __main__ - INFO - 
============================================================
2026-03-11 15:13:42,270 - __main__ - INFO - 执行卖出...
2026-03-11 15:13:42,270 - __main__ - INFO - 清仓: 中国石化 (sh.600028)
2026-03-11 15:13:42,787 - __main__ - INFO - 清仓: 贵研铂业 (sh.600459)
2026-03-11 15:13:43,270 - __main__ - INFO - 清仓: 北方稀土 (sh.600111)
2026-03-11 15:13:43,822 - __main__ - INFO - 清仓: 中色股份 (sz.000758)
2026-03-11 15:13:44,436 - __main__ - INFO - 清仓: 宝地矿业 (sh.601121)
2026-03-11 15:13:44,973 - __main__ - INFO - 清仓: 广汇能源 (sh.600256)
2026-03-11 15:13:45,564 - __main__ - INFO - ✅ 卖出执行完成
2026-03-11 15:13:45,564 - __main__ - INFO - 
============================================================
2026-03-12 09:32:22,954 - adapters.manager - INFO - ✅ Baostock 适配器已初始化
2026-03-12 09:32:23,274 - adapters.manager - INFO - ✅ AKShare 适配器已初始化
2026-03-12 09:32:23,275 - __main__ - INFO - 加载持仓: 1 只
2026-03-12 09:32:23,275 - __main__ - INFO - 加载预测: 20 条
2026-03-12 09:32:23,275 - __main__ - INFO - 加载现金: ¥162,248
2026-03-12 09:32:23,275 - __main__ - INFO - ✅ 自动交易系统 v3 初始化完成
2026-03-12 09:32:23,275 - __main__ - INFO - 
============================================================
2026-03-12 09:32:23,275 - __main__ - INFO - 🤖 自动交易系统 v3 - 卖出逻辑
2026-03-12 09:32:23,275 - __main__ - INFO - ⏰ 运行时间: 2026-03-12 09:32:23
2026-03-12 09:32:23,275 - __main__ - INFO - ============================================================
2026-03-12 09:32:23,275 - __main__ - INFO - 
============================================================
2026-03-12 09:32:23,275 - __main__ - INFO - 📊 扫描卖出信号...
2026-03-12 09:32:23,275 - __main__ - INFO - ============================================================
2026-03-12 09:32:24,787 - __main__ - INFO - 
✅ 无卖出信号
2026-03-12 15:10:10,021 - adapters.manager - INFO - ✅ Baostock 适配器已初始化
2026-03-12 15:10:10,317 - adapters.manager - INFO - ✅ AKShare 适配器已初始化
2026-03-12 15:10:10,317 - __main__ - INFO - 加载持仓: 1 只
2026-03-12 15:10:10,317 - __main__ - INFO - 加载预测: 0 条
2026-03-12 15:10:10,317 - __main__ - INFO - 加载现金: ¥162,248
2026-03-12 15:10:10,317 - __main__ - INFO - ✅ 自动交易系统 v3 初始化完成
2026-03-12 15:10:10,317 - __main__ - INFO - 
============================================================
2026-03-12 15:10:10,317 - __main__ - INFO - 🤖 自动交易系统 v3 - 卖出逻辑
2026-03-12 15:10:10,317 - __main__ - INFO - ⏰ 运行时间: 2026-03-12 15:10:10
2026-03-12 15:10:10,317 - __main__ - INFO - ============================================================
2026-03-12 15:10:10,318 - __main__ - INFO - 
============================================================
2026-03-12 15:10:10,318 - __main__ - INFO - 📊 扫描卖出信号...
2026-03-12 15:10:10,318 - __main__ - INFO - ============================================================
2026-03-12 15:10:10,449 - __main__ - INFO - 
✅ 无卖出信号
2026-03-13 15:10:27,749 - adapters.manager - INFO - ✅ Baostock 适配器已初始化
2026-03-13 15:10:28,089 - adapters.manager - INFO - ✅ AKShare 适配器已初始化
2026-03-13 15:10:28,089 - __main__ - INFO - 加载持仓: 1 只
2026-03-13 15:10:28,090 - __main__ - INFO - 加载预测: 13 条
2026-03-13 15:10:28,090 - __main__ - INFO - 加载现金: ¥162,248
2026-03-13 15:10:28,090 - __main__ - INFO - ✅ 自动交易系统 v3 初始化完成
2026-03-13 15:10:28,090 - __main__ - INFO - 
============================================================
2026-03-13 15:10:28,090 - __main__ - INFO - 🤖 自动交易系统 v3 - 卖出逻辑
2026-03-13 15:10:28,090 - __main__ - INFO - ⏰ 运行时间: 2026-03-13 15:10:28
2026-03-13 15:10:28,090 - __main__ - INFO - ============================================================
2026-03-13 15:10:28,090 - __main__ - INFO - 
============================================================
2026-03-13 15:10:28,090 - __main__ - INFO - 📊 扫描卖出信号...
2026-03-13 15:10:28,090 - __main__ - INFO - ============================================================
2026-03-13 15:10:31,709 - __main__ - INFO - 
✅ 无卖出信号
2026-03-13 15:10:41,939 - adapters.manager - INFO - ✅ Baostock 适配器已初始化
2026-03-13 15:10:42,092 - adapters.manager - INFO - ✅ AKShare 适配器已初始化
2026-03-13 15:10:42,092 - __main__ - INFO - 加载持仓: 1 只
2026-03-13 15:10:42,092 - __main__ - INFO - 加载预测: 13 条
2026-03-13 15:10:42,093 - __main__ - INFO - 加载现金: ¥162,248
2026-03-13 15:10:42,093 - __main__ - INFO - ✅ 自动交易系统 v3 初始化完成
2026-03-13 15:10:42,093 - __main__ - INFO - 
============================================================
2026-03-13 15:10:42,093 - __main__ - INFO - 🤖 自动交易系统 v3 - 卖出逻辑
2026-03-13 15:10:42,093 - __main__ - INFO - ⏰ 运行时间: 2026-03-13 15:10:42
2026-03-13 15:10:42,093 - __main__ - INFO - ============================================================
2026-03-13 15:10:42,093 - __main__ - INFO - 
============================================================
2026-03-13 15:10:42,093 - __main__ - INFO - 📊 扫描卖出信号...
2026-03-13 15:10:42,093 - __main__ - INFO - ============================================================
2026-03-13 15:10:42,492 - __main__ - INFO - 
✅ 无卖出信号
2026-03-15 23:54:17,701 - adapters.manager - INFO - ✅ Baostock 适配器已初始化
2026-03-15 23:54:18,067 - adapters.manager - INFO - ✅ AKShare 适配器已初始化
2026-03-15 23:54:18,067 - auto_trader_v3 - INFO - 加载持仓: 1 只
2026-03-15 23:54:18,068 - auto_trader_v3 - INFO - 加载预测: 0 条
2026-03-15 23:54:18,069 - auto_trader_v3 - INFO - 加载现金: ¥162,248
2026-03-15 23:54:18,069 - auto_trader_v3 - INFO - ✅ 自动交易系统 v3 初始化完成
2026-03-15 23:54:32,190 - adapters.manager - INFO - ✅ Baostock 适配器已初始化
2026-03-15 23:54:32,603 - adapters.manager - INFO - ✅ AKShare 适配器已初始化
2026-03-15 23:54:32,603 - auto_trader_v3 - INFO - 加载持仓: 1 只
2026-03-15 23:54:32,603 - auto_trader_v3 - INFO - 加载预测: 0 条
2026-03-15 23:54:32,604 - auto_trader_v3 - INFO - 加载现金: ¥162,248
2026-03-15 23:54:32,604 - auto_trader_v3 - INFO - ✅ 自动交易系统 v3 初始化完成
2026-03-15 23:55:06,942 - adapters.manager - INFO - ✅ Baostock 适配器已初始化
2026-03-15 23:55:07,309 - adapters.manager - INFO - ✅ AKShare 适配器已初始化
2026-03-15 23:55:07,309 - auto_trader_v3 - INFO - 加载持仓: 1 只
2026-03-15 23:55:07,310 - auto_trader_v3 - INFO - 加载预测: 0 条
2026-03-15 23:55:07,310 - auto_trader_v3 - INFO - 加载现金: ¥162,248
2026-03-15 23:55:07,310 - auto_trader_v3 - INFO - ✅ 自动交易系统 v3 初始化完成
2026-03-15 23:55:30,319 - adapters.manager - INFO - ✅ Baostock 适配器已初始化
2026-03-15 23:55:30,683 - adapters.manager - INFO - ✅ AKShare 适配器已初始化
2026-03-15 23:55:30,683 - auto_trader_v3 - INFO - 加载持仓: 1 只
2026-03-15 23:55:30,684 - auto_trader_v3 - INFO - 加载预测: 0 条
2026-03-15 23:55:30,684 - auto_trader_v3 - INFO - 加载现金: ¥162,248
2026-03-15 23:55:30,684 - auto_trader_v3 - INFO - ✅ 自动交易系统 v3 初始化完成
2026-03-15 23:55:30,687 - auto_trader_v3 - ERROR - 保存风控评估失败: 'NoneType' object is not subscriptable
2026-03-15 23:55:34,560 - adapters.manager - INFO - ✅ Baostock 适配器已初始化
2026-03-15 23:55:34,727 - adapters.manager - INFO - ✅ AKShare 适配器已初始化
2026-03-15 23:55:34,727 - auto_trader_v3 - INFO - 加载持仓: 1 只
2026-03-15 23:55:34,727 - auto_trader_v3 - INFO - 加载预测: 0 条
2026-03-15 23:55:34,727 - auto_trader_v3 - INFO - 加载现金: ¥162,248
2026-03-15 23:55:34,727 - auto_trader_v3 - INFO - ✅ 自动交易系统 v3 初始化完成
2026-03-15 23:55:34,728 - auto_trader_v3 - ERROR - 保存风控评估失败: 'NoneType' object is not subscriptable
2026-03-16 09:32:16,814 - adapters.manager - INFO - ✅ Baostock 适配器已初始化
2026-03-16 09:32:17,131 - adapters.manager - INFO - ✅ AKShare 适配器已初始化
2026-03-16 09:32:17,132 - __main__ - INFO - 加载持仓: 1 只
2026-03-16 09:32:17,133 - __main__ - INFO - 加载预测: 13 条
2026-03-16 09:32:17,133 - __main__ - INFO - 加载现金: ¥162,248
2026-03-16 09:32:17,133 - __main__ - INFO - ✅ 自动交易系统 v3 初始化完成
2026-03-16 09:32:17,133 - __main__ - INFO - 执行买入逻辑...
2026-03-16 09:32:56,627 - adapters.manager - INFO - ✅ Baostock 适配器已初始化
2026-03-16 09:32:56,960 - adapters.manager - INFO - ✅ AKShare 适配器已初始化
2026-03-16 09:32:56,961 - __main__ - INFO - 加载持仓: 1 只
2026-03-16 09:32:56,961 - __main__ - INFO - 加载预测: 13 条
2026-03-16 09:32:56,962 - __main__ - INFO - 加载现金: ¥162,248
2026-03-16 09:32:56,962 - __main__ - INFO - ✅ 自动交易系统 v3 初始化完成
2026-03-16 09:32:56,962 - __main__ - INFO - 执行买入逻辑...
2026-03-16 09:33:16,688 - adapters.manager - INFO - ✅ Baostock 适配器已初始化
2026-03-16 09:33:17,015 - adapters.manager - INFO - ✅ AKShare 适配器已初始化
2026-03-16 09:33:17,016 - __main__ - INFO - 加载持仓: 1 只
2026-03-16 09:33:17,016 - __main__ - INFO - 加载预测: 13 条
2026-03-16 09:33:17,017 - __main__ - INFO - 加载现金: ¥162,248
2026-03-16 09:33:17,017 - __main__ - INFO - ✅ 自动交易系统 v3 初始化完成
2026-03-16 09:33:17,017 - __main__ - INFO - 执行买入逻辑...
2026-03-16 09:34:04,327 - adapters.manager - INFO - ✅ Baostock 适配器已初始化
2026-03-16 09:34:04,677 - adapters.manager - INFO - ✅ AKShare 适配器已初始化
2026-03-16 09:34:04,677 - __main__ - INFO - 加载持仓: 1 只
2026-03-16 09:34:04,678 - __main__ - INFO - 加载预测: 13 条
2026-03-16 09:34:04,679 - __main__ - INFO - 加载现金: ¥162,248
2026-03-16 09:34:04,679 - __main__ - INFO - ✅ 自动交易系统 v3 初始化完成
2026-03-16 09:34:04,679 - __main__ - INFO - 执行买入逻辑...
2026-03-16 09:34:04,679 - __main__ - INFO - 
✅ 无买入信号
2026-03-16 15:10:13,995 - adapters.manager - INFO - ✅ Baostock 适配器已初始化
2026-03-16 15:10:14,326 - adapters.manager - INFO - ✅ AKShare 适配器已初始化
2026-03-16 15:10:14,326 - __main__ - INFO - 加载持仓: 1 只
2026-03-16 15:10:14,327 - __main__ - INFO - 加载预测: 13 条
2026-03-16 15:10:14,328 - __main__ - INFO - 加载现金: ¥162,248
2026-03-16 15:10:14,328 - __main__ - INFO - ✅ 自动交易系统 v3 初始化完成
2026-03-16 15:10:14,328 - __main__ - INFO - 
============================================================
2026-03-16 15:10:14,328 - __main__ - INFO - 🤖 自动交易系统 v3 - 卖出逻辑
2026-03-16 15:10:14,328 - __main__ - INFO - ⏰ 运行时间: 2026-03-16 15:10:14
2026-03-16 15:10:14,328 - __main__ - INFO - ============================================================
2026-03-16 15:10:14,328 - __main__ - INFO - 
============================================================
2026-03-16 15:10:14,328 - __main__ - INFO - 📊 扫描卖出信号...
2026-03-16 15:10:14,328 - __main__ - INFO - ============================================================
2026-03-16 15:10:15,562 - __main__ - INFO - 
✅ 无卖出信号
2026-03-17 09:32:21,824 - adapters.manager - INFO - ✅ Baostock 适配器已初始化
2026-03-17 09:32:22,116 - adapters.manager - INFO - ✅ AKShare 适配器已初始化
2026-03-17 09:32:22,117 - __main__ - INFO - 加载持仓: 1 只
2026-03-17 09:32:22,117 - __main__ - INFO - 加载预测: 13 条
2026-03-17 09:32:22,118 - __main__ - INFO - 加载现金: ¥162,248
2026-03-17 09:32:22,118 - __main__ - INFO - ✅ 自动交易系统 v3 初始化完成
2026-03-17 09:32:22,118 - __main__ - INFO - 执行买入逻辑...
2026-03-17 09:32:22,118 - __main__ - INFO - 
✅ 无买入信号
2026-03-17 15:10:18,278 - adapters.manager - INFO - ✅ Baostock 适配器已初始化
2026-03-17 15:10:18,568 - adapters.manager - INFO - ✅ AKShare 适配器已初始化
2026-03-17 15:10:18,569 - __main__ - INFO - 加载持仓: 1 只
2026-03-17 15:10:18,569 - __main__ - INFO - 加载预测: 13 条
2026-03-17 15:10:18,570 - __main__ - INFO - 加载现金: ¥162,248
2026-03-17 15:10:18,570 - __main__ - INFO - ✅ 自动交易系统 v3 初始化完成
2026-03-17 15:10:18,570 - __main__ - INFO - 
============================================================
2026-03-17 15:10:18,570 - __main__ - INFO - 🤖 自动交易系统 v3 - 卖出逻辑
2026-03-17 15:10:18,570 - __main__ - INFO - ⏰ 运行时间: 2026-03-17 15:10:18
2026-03-17 15:10:18,570 - __main__ - INFO - ============================================================
2026-03-17 15:10:18,570 - __main__ - INFO - 
============================================================
2026-03-17 15:10:18,570 - __main__ - INFO - 📊 扫描卖出信号...
2026-03-17 15:10:18,570 - __main__ - INFO - ============================================================
2026-03-17 15:10:18,750 - __main__ - INFO - 
✅ 无卖出信号
2026-03-18 09:34:31,469 - adapters.manager - INFO - ✅ Baostock 适配器已初始化
2026-03-18 09:34:31,717 - adapters.manager - INFO - ✅ AKShare 适配器已初始化
2026-03-18 09:34:31,717 - __main__ - INFO - 加载持仓: 1 只
2026-03-18 09:34:31,718 - __main__ - INFO - 加载预测: 13 条
2026-03-18 09:34:31,718 - __main__ - INFO - 加载现金: ¥162,248
2026-03-18 09:34:31,718 - __main__ - INFO - ✅ 自动交易系统 v3 初始化完成
2026-03-18 09:34:31,718 - __main__ - INFO - 执行买入逻辑...
2026-03-18 09:34:31,718 - __main__ - INFO - 
✅ 无买入信号
2026-03-18 15:10:22,423 - adapters.manager - INFO - ✅ Baostock 适配器已初始化
2026-03-18 15:10:22,706 - adapters.manager - INFO - ✅ AKShare 适配器已初始化
2026-03-18 15:10:22,706 - __main__ - INFO - 加载持仓: 1 只
2026-03-18 15:10:22,707 - __main__ - INFO - 加载预测: 13 条
2026-03-18 15:10:22,707 - __main__ - INFO - 加载现金: ¥162,248
2026-03-18 15:10:22,707 - __main__ - INFO - ✅ 自动交易系统 v3 初始化完成
2026-03-18 15:10:22,708 - __main__ - INFO - 
============================================================
2026-03-18 15:10:22,708 - __main__ - INFO - 🤖 自动交易系统 v3 - 卖出逻辑
2026-03-18 15:10:22,708 - __main__ - INFO - ⏰ 运行时间: 2026-03-18 15:10:22
2026-03-18 15:10:22,708 - __main__ - INFO - ============================================================
2026-03-18 15:10:22,708 - __main__ - INFO - 
============================================================
2026-03-18 15:10:22,708 - __main__ - INFO - 📊 扫描卖出信号...
2026-03-18 15:10:22,708 - __main__ - INFO - ============================================================
2026-03-18 15:10:22,940 - __main__ - INFO - 
发现 1 个卖出信号:
2026-03-18 15:10:22,940 - __main__ - INFO - 
[1] ⏰ 时间止损：盐湖股份 持有 15 天，涨幅 -1.90%
2026-03-18 15:10:22,940 - __main__ - INFO -     代码: sz.000792
2026-03-18 15:10:22,941 - __main__ - INFO -     名称: 盐湖股份
2026-03-18 15:10:22,941 - __main__ - INFO -     价格: ¥36.15
2026-03-18 15:10:22,941 - __main__ - INFO -     盈亏: -1.90%
2026-03-18 15:10:22,941 - __main__ - INFO -     原因: 时间止损 (15日无涨幅)
2026-03-18 15:10:22,941 - __main__ - INFO -     卖出比例: 100%
2026-03-18 15:10:22,941 - __main__ - INFO - 
============================================================
2026-03-18 15:10:22,941 - __main__ - INFO - 执行卖出...
2026-03-18 15:10:22,941 - __main__ - INFO - 清仓: 盐湖股份 (sz.000792)
2026-03-18 15:10:22,942 - __main__ - INFO - 卖出金额: ¥28,920，现金余额: ¥191,168
2026-03-18 15:10:22,944 - __main__ - INFO - 现金已更新: ¥191,168
2026-03-18 15:10:23,691 - __main__ - INFO - ✅ 卖出执行完成
2026-03-18 15:10:23,691 - __main__ - INFO - 
============================================================
