2026-03-06 09:39:17,360 - __main__ - INFO - 买入：sh.600459 1000股 @ 26.27
2026-03-06 09:39:17,360 - __main__ - INFO - 卖出：sh.600459 1000股 @ 28.50, 盈亏：2192.95 (+8.49%)
2026-03-06 09:48:41,727 - __main__ - INFO - 开始回测：2025-01-01 至 2026-03-06, 股票数=1
2026-03-06 09:48:41,740 - __main__ - ERROR - 无历史数据
2026-03-06 09:48:59,125 - __main__ - INFO - 买入：sh.600459 1000股 @ 26.27
2026-03-06 09:48:59,125 - __main__ - INFO - 卖出：sh.600459 1000股 @ 28.50, 盈亏：2192.95 (+8.49%)
2026-03-06 09:49:41,580 - __main__ - INFO - 开始回测：2025-06-01 至 2026-03-06, 股票数=1
2026-03-06 09:49:42,385 - __main__ - ERROR - 获取历史数据失败：sh.600459 - None
2026-03-06 09:49:42,385 - __main__ - ERROR - 无历史数据
2026-03-07 10:00:45,048 - __main__ - INFO - 开始回测：2025-01-01 至 2026-03-06, 股票数=1
2026-03-07 10:00:49,741 - __main__ - ERROR - 无历史数据
2026-03-07 10:01:57,073 - __main__ - INFO - 开始回测：2025-01-01 至 2026-03-06, 股票数=1
2026-03-07 10:02:02,910 - __main__ - INFO - 获取 sh.600459 数据：282天
2026-03-07 10:02:03,067 - __main__ - INFO - 买入：sh.600459 1000股 @ 13.45
2026-03-07 10:02:36,141 - __main__ - INFO - 开始回测：2025-01-01 至 2026-03-06, 股票数=1
2026-03-07 10:02:37,004 - __main__ - INFO - 获取 sh.600459 数据：282天
2026-03-07 10:02:37,161 - __main__ - INFO - 买入：sh.600459 1000股 @ 13.45
2026-03-07 10:02:37,161 - __main__ - INFO - 卖出：sh.600459 1000股 @ 13.70, 盈亏：232.19 (+1.86%)
2026-03-07 10:02:37,294 - __main__ - INFO - 买入：sh.600459 1000股 @ 13.95
2026-03-07 10:02:37,295 - __main__ - INFO - 卖出：sh.600459 1000股 @ 13.63, 盈亏：-337.72 (-2.29%)
2026-03-07 10:02:37,501 - __main__ - INFO - 买入：sh.600459 1000股 @ 13.72
2026-03-07 10:02:37,501 - __main__ - INFO - 卖出：sh.600459 1000股 @ 14.08, 盈亏：341.70 (+2.62%)
2026-03-07 10:02:37,645 - __main__ - INFO - 买入：sh.600459 1000股 @ 14.04
2026-03-07 10:02:37,646 - __main__ - INFO - 卖出：sh.600459 1000股 @ 13.66, 盈亏：-397.76 (-2.71%)
2026-03-07 10:02:37,794 - __main__ - INFO - 买入：sh.600459 1000股 @ 13.56
2026-03-07 10:02:37,795 - __main__ - INFO - 卖出：sh.600459 1000股 @ 13.40, 盈亏：-177.42 (-1.18%)
2026-03-07 10:02:38,027 - __main__ - INFO - 买入：sh.600459 1000股 @ 13.54
2026-03-07 10:02:38,028 - __main__ - INFO - 卖出：sh.600459 1000股 @ 14.50, 盈亏：941.15 (+7.09%)
2026-03-07 10:02:38,181 - __main__ - INFO - 买入：sh.600459 1000股 @ 14.50
2026-03-07 10:02:38,182 - __main__ - INFO - 卖出：sh.600459 1000股 @ 14.29, 盈亏：-228.58 (-1.45%)
2026-03-07 10:02:38,318 - __main__ - INFO - 买入：sh.600459 1000股 @ 14.44
2026-03-07 10:02:38,319 - __main__ - INFO - 卖出：sh.600459 1000股 @ 12.49, 盈亏：-1966.24 (-13.50%)
2026-03-07 10:02:38,541 - __main__ - INFO - 买入：sh.600459 1000股 @ 12.45
2026-03-07 10:02:38,542 - __main__ - INFO - 卖出：sh.600459 1000股 @ 12.91, 盈亏：443.22 (+3.69%)
2026-03-07 10:02:38,708 - __main__ - INFO - 买入：sh.600459 1000股 @ 13.22
2026-03-07 10:02:38,709 - __main__ - INFO - 卖出：sh.600459 1000股 @ 13.45, 盈亏：212.51 (+1.74%)
2026-03-07 10:02:38,869 - __main__ - INFO - 买入：sh.600459 1000股 @ 13.49
2026-03-07 10:02:38,870 - __main__ - INFO - 卖出：sh.600459 1000股 @ 13.41, 盈亏：-97.43 (-0.59%)
2026-03-07 10:02:39,073 - __main__ - INFO - 买入：sh.600459 1000股 @ 13.50
2026-03-07 10:02:39,075 - __main__ - INFO - 卖出：sh.600459 1000股 @ 14.08, 盈亏：561.70 (+4.30%)
2026-03-07 10:02:39,208 - __main__ - INFO - 买入：sh.600459 1000股 @ 14.33
2026-03-07 10:02:39,211 - __main__ - INFO - 卖出：sh.600459 1000股 @ 15.66, 盈亏：1309.64 (+9.28%)
2026-03-07 10:02:39,345 - __main__ - INFO - 买入：sh.600459 1000股 @ 15.37
2026-03-07 10:02:39,346 - __main__ - INFO - 卖出：sh.600459 1000股 @ 15.65, 盈亏：259.66 (+1.82%)
2026-03-07 10:02:39,527 - __main__ - INFO - 买入：sh.600459 1000股 @ 15.70
2026-03-07 10:02:39,528 - __main__ - INFO - 卖出：sh.600459 1000股 @ 15.03, 盈亏：-689.54 (-4.27%)
2026-03-07 10:02:39,688 - __main__ - INFO - 买入：sh.600459 1000股 @ 15.08
2026-03-07 10:02:39,689 - __main__ - INFO - 卖出：sh.600459 1000股 @ 16.22, 盈亏：1118.91 (+7.56%)
2026-03-07 10:02:39,834 - __main__ - INFO - 买入：sh.600459 1000股 @ 16.15
2026-03-07 10:02:39,835 - __main__ - INFO - 卖出：sh.600459 1000股 @ 15.11, 盈亏：-1059.64 (-6.44%)
2026-03-07 10:02:40,050 - __main__ - INFO - 买入：sh.600459 1000股 @ 15.09
2026-03-07 10:02:40,051 - __main__ - INFO - 卖出：sh.600459 1000股 @ 15.58, 盈亏：469.75 (+3.25%)
2026-03-07 10:02:40,195 - __main__ - INFO - 买入：sh.600459 1000股 @ 15.53
2026-03-07 10:02:40,196 - __main__ - INFO - 卖出：sh.600459 1000股 @ 16.16, 盈亏：608.99 (+4.06%)
2026-03-07 10:02:40,337 - __main__ - INFO - 买入：sh.600459 1000股 @ 16.51
2026-03-07 10:02:40,338 - __main__ - INFO - 卖出：sh.600459 1000股 @ 16.53, 盈亏：-1.49 (+0.12%)
2026-03-07 10:02:40,477 - __main__ - INFO - 买入：sh.600459 1000股 @ 16.76
2026-03-07 10:02:40,478 - __main__ - INFO - 卖出：sh.600459 1000股 @ 17.38, 盈亏：597.41 (+3.70%)
2026-03-07 10:02:40,642 - __main__ - INFO - 买入：sh.600459 1000股 @ 16.91
2026-03-07 10:02:40,643 - __main__ - INFO - 卖出：sh.600459 1000股 @ 16.10, 盈亏：-830.93 (-4.79%)
2026-03-07 10:02:40,789 - __main__ - INFO - 买入：sh.600459 1000股 @ 16.75
2026-03-07 10:02:40,790 - __main__ - INFO - 卖出：sh.600459 1000股 @ 17.82, 盈亏：1046.83 (+6.39%)
2026-03-07 10:02:40,943 - __main__ - INFO - 买入：sh.600459 1000股 @ 17.43
2026-03-07 10:02:40,944 - __main__ - INFO - 卖出：sh.600459 1000股 @ 16.34, 盈亏：-1111.24 (-6.25%)
2026-03-07 10:02:41,174 - __main__ - INFO - 买入：sh.600459 1000股 @ 16.18
2026-03-07 10:02:41,175 - __main__ - INFO - 卖出：sh.600459 1000股 @ 16.64, 盈亏：438.37 (+2.84%)
2026-03-07 10:02:41,319 - __main__ - INFO - 买入：sh.600459 1000股 @ 16.70
2026-03-07 10:02:41,320 - __main__ - INFO - 卖出：sh.600459 1000股 @ 17.40, 盈亏：677.38 (+4.19%)
2026-03-07 10:02:41,471 - __main__ - INFO - 买入：sh.600459 1000股 @ 18.71
2026-03-07 10:02:41,472 - __main__ - INFO - 卖出：sh.600459 1000股 @ 16.77, 盈亏：-1961.80 (-10.37%)
2026-03-07 10:02:41,695 - __main__ - INFO - 买入：sh.600459 1000股 @ 17.39
2026-03-07 10:02:41,696 - __main__ - INFO - 卖出：sh.600459 1000股 @ 17.50, 盈亏：87.25 (+0.63%)
2026-03-07 10:02:41,863 - __main__ - INFO - 买入：sh.600459 1000股 @ 17.36
2026-03-07 10:02:41,864 - __main__ - INFO - 卖出：sh.600459 1000股 @ 19.10, 盈亏：1715.17 (+10.02%)
2026-03-07 10:02:42,003 - __main__ - INFO - 买入：sh.600459 1000股 @ 18.75
2026-03-07 10:02:42,004 - __main__ - INFO - 卖出：sh.600459 1000股 @ 19.39, 盈亏：614.79 (+3.41%)
2026-03-07 10:02:42,222 - __main__ - INFO - 买入：sh.600459 1000股 @ 18.84
2026-03-07 10:02:42,223 - __main__ - INFO - 卖出：sh.600459 1000股 @ 21.57, 盈亏：2701.96 (+14.49%)
2026-03-07 10:02:42,360 - __main__ - INFO - 买入：sh.600459 1000股 @ 21.32
2026-03-07 10:02:42,361 - __main__ - INFO - 卖出：sh.600459 1000股 @ 22.09, 盈亏：741.28 (+3.61%)
2026-03-07 10:02:42,521 - __main__ - INFO - 买入：sh.600459 1000股 @ 23.69
2026-03-07 10:02:42,522 - __main__ - INFO - 卖出：sh.600459 1000股 @ 21.20, 盈亏：-2517.56 (-10.51%)
2026-03-07 10:02:42,748 - __main__ - INFO - 买入：sh.600459 1000股 @ 21.80
2026-03-07 10:02:42,749 - __main__ - INFO - 卖出：sh.600459 1000股 @ 21.79, 盈亏：-38.33 (-0.05%)
2026-03-07 10:02:42,883 - __main__ - INFO - 买入：sh.600459 1000股 @ 22.87
2026-03-07 10:02:42,884 - __main__ - INFO - 卖出：sh.600459 1000股 @ 23.14, 盈亏：239.92 (+1.18%)
2026-03-07 10:02:42,895 - __main__ - INFO - 回测完成：总收益=3.20%, 年化=2.86%, 夏普=0.02, 最大回撤=5.65%
2026-03-07 10:02:42,896 - __main__ - INFO - 报告已保存：/Users/joe/.openclaw/workspace/china-stock-team/outputs/backverify_20260307.md
2026-03-14 10:01:03,407 - __main__ - WARNING - 获取数据失败 (attempt 1): No module named 'baostock'
2026-03-14 10:01:04,561 - __main__ - WARNING - 获取数据失败 (attempt 2): No module named 'baostock'
2026-03-14 10:01:06,700 - __main__ - WARNING - 获取数据失败 (attempt 3): No module named 'baostock'
2026-03-14 10:01:06,733 - __main__ - INFO - 买入：sh.600459 1000股 @ 26.27
2026-03-14 10:01:06,733 - __main__ - INFO - 卖出：sh.600459 1000股 @ 28.50, 盈亏：2192.95 (+8.49%)
2026-03-14 10:01:17,548 - __main__ - INFO - 开始回测：2025-01-01 至 2026-03-14, 股票数=2
2026-03-14 10:01:18,949 - __main__ - INFO - 获取 sh.600459 数据：287天
2026-03-14 10:01:20,055 - __main__ - INFO - 获取 sz.000792 数据：287天
2026-03-14 10:01:20,236 - __main__ - INFO - 买入：sh.600459 1000股 @ 13.45
2026-03-14 10:01:20,237 - __main__ - INFO - 卖出：sh.600459 1000股 @ 13.70, 盈亏：232.19 (+1.86%)
2026-03-14 10:01:20,388 - __main__ - INFO - 买入：sh.600459 1000股 @ 13.95
2026-03-14 10:01:20,390 - __main__ - INFO - 卖出：sh.600459 1000股 @ 13.63, 盈亏：-337.72 (-2.29%)
2026-03-14 10:01:20,544 - __main__ - INFO - 买入：sh.600459 1000股 @ 13.72
2026-03-14 10:01:20,544 - __main__ - INFO - 卖出：sh.600459 1000股 @ 14.08, 盈亏：341.70 (+2.62%)
2026-03-14 10:01:20,694 - __main__ - INFO - 买入：sh.600459 1000股 @ 14.04
2026-03-14 10:01:20,694 - __main__ - INFO - 卖出：sh.600459 1000股 @ 13.66, 盈亏：-397.76 (-2.71%)
2026-03-14 10:01:20,842 - __main__ - INFO - 买入：sh.600459 1000股 @ 13.56
2026-03-14 10:01:20,843 - __main__ - INFO - 卖出：sh.600459 1000股 @ 13.40, 盈亏：-177.42 (-1.18%)
2026-03-14 10:01:20,987 - __main__ - INFO - 买入：sh.600459 1000股 @ 13.54
2026-03-14 10:01:20,988 - __main__ - INFO - 卖出：sh.600459 1000股 @ 14.50, 盈亏：941.15 (+7.09%)
2026-03-14 10:01:21,130 - __main__ - INFO - 买入：sh.600459 1000股 @ 14.50
2026-03-14 10:01:21,131 - __main__ - INFO - 卖出：sh.600459 1000股 @ 14.29, 盈亏：-228.58 (-1.45%)
2026-03-14 10:01:21,275 - __main__ - INFO - 买入：sh.600459 1000股 @ 14.44
2026-03-14 10:01:21,276 - __main__ - INFO - 卖出：sh.600459 1000股 @ 12.49, 盈亏：-1966.24 (-13.50%)
2026-03-14 10:01:21,410 - __main__ - INFO - 买入：sh.600459 1000股 @ 12.45
2026-03-14 10:01:21,411 - __main__ - INFO - 卖出：sh.600459 1000股 @ 12.91, 盈亏：443.22 (+3.69%)
2026-03-14 10:01:21,565 - __main__ - INFO - 买入：sh.600459 1000股 @ 13.22
2026-03-14 10:01:21,566 - __main__ - INFO - 卖出：sh.600459 1000股 @ 13.45, 盈亏：212.51 (+1.74%)
2026-03-14 10:01:21,709 - __main__ - INFO - 买入：sh.600459 1000股 @ 13.49
2026-03-14 10:01:21,710 - __main__ - INFO - 卖出：sh.600459 1000股 @ 13.41, 盈亏：-97.43 (-0.59%)
2026-03-14 10:01:21,851 - __main__ - INFO - 买入：sh.600459 1000股 @ 13.50
2026-03-14 10:01:21,852 - __main__ - INFO - 卖出：sh.600459 1000股 @ 14.08, 盈亏：561.70 (+4.30%)
2026-03-14 10:01:22,000 - __main__ - INFO - 买入：sh.600459 1000股 @ 14.33
2026-03-14 10:01:22,001 - __main__ - INFO - 卖出：sh.600459 1000股 @ 15.66, 盈亏：1309.64 (+9.28%)
2026-03-14 10:01:22,151 - __main__ - INFO - 买入：sh.600459 1000股 @ 15.37
2026-03-14 10:01:22,152 - __main__ - INFO - 卖出：sh.600459 1000股 @ 15.65, 盈亏：259.66 (+1.82%)
2026-03-14 10:01:22,334 - __main__ - INFO - 买入：sh.600459 1000股 @ 15.70
2026-03-14 10:01:22,335 - __main__ - INFO - 卖出：sh.600459 1000股 @ 15.03, 盈亏：-689.54 (-4.27%)
2026-03-14 10:01:22,472 - __main__ - INFO - 买入：sh.600459 1000股 @ 15.08
2026-03-14 10:01:22,473 - __main__ - INFO - 卖出：sh.600459 1000股 @ 16.22, 盈亏：1118.91 (+7.56%)
2026-03-14 10:01:22,622 - __main__ - INFO - 买入：sh.600459 1000股 @ 16.15
2026-03-14 10:01:22,623 - __main__ - INFO - 卖出：sh.600459 1000股 @ 15.11, 盈亏：-1059.64 (-6.44%)
2026-03-14 10:01:22,768 - __main__ - INFO - 买入：sh.600459 1000股 @ 15.09
2026-03-14 10:01:22,769 - __main__ - INFO - 卖出：sh.600459 1000股 @ 15.58, 盈亏：469.75 (+3.25%)
2026-03-14 10:01:22,903 - __main__ - INFO - 买入：sh.600459 1000股 @ 15.53
2026-03-14 10:01:22,903 - __main__ - INFO - 卖出：sh.600459 1000股 @ 16.16, 盈亏：608.99 (+4.06%)
2026-03-14 10:01:23,048 - __main__ - INFO - 买入：sh.600459 1000股 @ 16.51
2026-03-14 10:01:23,049 - __main__ - INFO - 卖出：sh.600459 1000股 @ 16.53, 盈亏：-1.49 (+0.12%)
2026-03-14 10:01:23,213 - __main__ - INFO - 买入：sh.600459 1000股 @ 16.76
2026-03-14 10:01:23,213 - __main__ - INFO - 卖出：sh.600459 1000股 @ 17.38, 盈亏：597.41 (+3.70%)
2026-03-14 10:01:23,359 - __main__ - INFO - 买入：sh.600459 1000股 @ 16.91
2026-03-14 10:01:23,360 - __main__ - INFO - 卖出：sh.600459 1000股 @ 16.10, 盈亏：-830.93 (-4.79%)
2026-03-14 10:01:23,515 - __main__ - INFO - 买入：sh.600459 1000股 @ 16.75
2026-03-14 10:01:23,516 - __main__ - INFO - 卖出：sh.600459 1000股 @ 17.82, 盈亏：1046.83 (+6.39%)
2026-03-14 10:01:23,662 - __main__ - INFO - 买入：sh.600459 1000股 @ 17.43
2026-03-14 10:01:23,663 - __main__ - INFO - 卖出：sh.600459 1000股 @ 16.34, 盈亏：-1111.24 (-6.25%)
2026-03-14 10:01:23,811 - __main__ - INFO - 买入：sh.600459 1000股 @ 16.18
2026-03-14 10:01:23,812 - __main__ - INFO - 卖出：sh.600459 1000股 @ 16.64, 盈亏：438.37 (+2.84%)
2026-03-14 10:01:23,957 - __main__ - INFO - 买入：sh.600459 1000股 @ 16.70
2026-03-14 10:01:23,958 - __main__ - INFO - 卖出：sh.600459 1000股 @ 17.40, 盈亏：677.38 (+4.19%)
2026-03-14 10:01:24,103 - __main__ - INFO - 买入：sh.600459 1000股 @ 18.71
2026-03-14 10:01:24,104 - __main__ - INFO - 卖出：sh.600459 1000股 @ 16.77, 盈亏：-1961.80 (-10.37%)
2026-03-14 10:01:24,247 - __main__ - INFO - 买入：sh.600459 1000股 @ 17.39
2026-03-14 10:01:24,248 - __main__ - INFO - 卖出：sh.600459 1000股 @ 17.50, 盈亏：87.25 (+0.63%)
2026-03-14 10:01:24,380 - __main__ - INFO - 买入：sh.600459 1000股 @ 17.36
2026-03-14 10:01:24,381 - __main__ - INFO - 卖出：sh.600459 1000股 @ 19.10, 盈亏：1715.17 (+10.02%)
2026-03-14 10:01:24,521 - __main__ - INFO - 买入：sh.600459 1000股 @ 18.75
2026-03-14 10:01:24,522 - __main__ - INFO - 卖出：sh.600459 1000股 @ 19.39, 盈亏：614.79 (+3.41%)
2026-03-14 10:01:24,672 - __main__ - INFO - 买入：sh.600459 1000股 @ 18.84
2026-03-14 10:01:24,673 - __main__ - INFO - 卖出：sh.600459 1000股 @ 21.57, 盈亏：2701.96 (+14.49%)
2026-03-14 10:01:24,816 - __main__ - INFO - 买入：sh.600459 1000股 @ 21.32
2026-03-14 10:01:24,817 - __main__ - INFO - 卖出：sh.600459 1000股 @ 22.09, 盈亏：741.28 (+3.61%)
2026-03-14 10:01:24,957 - __main__ - INFO - 买入：sh.600459 1000股 @ 23.69
2026-03-14 10:01:24,958 - __main__ - INFO - 卖出：sh.600459 1000股 @ 21.20, 盈亏：-2517.56 (-10.51%)
2026-03-14 10:01:25,114 - __main__ - INFO - 买入：sh.600459 1000股 @ 21.80
2026-03-14 10:01:25,115 - __main__ - INFO - 卖出：sh.600459 1000股 @ 21.79, 盈亏：-38.33 (-0.05%)
2026-03-14 10:01:25,265 - __main__ - INFO - 买入：sh.600459 1000股 @ 22.87
2026-03-14 10:01:25,266 - __main__ - INFO - 卖出：sh.600459 1000股 @ 23.14, 盈亏：239.92 (+1.18%)
2026-03-14 10:01:25,410 - __main__ - INFO - 买入：sh.600459 1000股 @ 22.98
2026-03-14 10:01:25,423 - __main__ - INFO - 回测完成：总收益=0.82%, 年化=0.72%, 夏普=-0.56, 最大回撤=3.28%
2026-03-14 10:01:25,424 - __main__ - INFO - 报告已保存：/Users/joe/.openclaw/workspace/china-stock-team/outputs/backverify_20260314.md
2026-03-15 10:03:42,164 - __main__ - WARNING - 获取数据失败 (attempt 1): No module named 'baostock'
2026-03-15 10:03:43,169 - __main__ - WARNING - 获取数据失败 (attempt 2): No module named 'baostock'
2026-03-15 10:03:45,254 - __main__ - WARNING - 获取数据失败 (attempt 3): No module named 'baostock'
2026-03-15 10:03:45,254 - __main__ - WARNING - 获取数据失败 (attempt 1): No module named 'baostock'
2026-03-15 10:03:46,391 - __main__ - WARNING - 获取数据失败 (attempt 2): No module named 'baostock'
2026-03-15 10:03:48,540 - __main__ - WARNING - 获取数据失败 (attempt 3): No module named 'baostock'
2026-03-15 10:03:48,541 - __main__ - WARNING - 获取数据失败 (attempt 1): No module named 'baostock'
2026-03-15 10:03:49,692 - __main__ - WARNING - 获取数据失败 (attempt 2): No module named 'baostock'
2026-03-15 10:03:51,823 - __main__ - WARNING - 获取数据失败 (attempt 3): No module named 'baostock'
