============================================================
📚 每日炒股书籍学习 - 2026-03-12 20:00
============================================================

📖 今日学习：《股票作手回忆录》- 埃德温·勒菲弗

⚠️  已学习过

📊 学习进度:
   已学书籍：0/3
   验证池规则：6条
   明日预告：《股票作手回忆录》

============================================================
============================================================
📚 每日炒股书籍学习 - 2026-03-13 20:00
============================================================

📖 今日学习：《股票作手回忆录》- 埃德温·勒菲弗

⚠️  已学习过

📊 学习进度:
   已学书籍：0/3
   验证池规则：16条
   明日预告：《股票作手回忆录》

============================================================
============================================================
📚 每日炒股书籍学习 - 2026-03-14 20:00
============================================================

📖 今日学习：《股票作手回忆录》- 埃德温·勒菲弗

⚠️  已学习过

📊 学习进度:
   已学书籍：3/3
   验证池规则：16条
   明日预告：《股票作手回忆录》

============================================================
============================================================
📚 每日炒股书籍学习 - 2026-03-15 20:00
============================================================

📖 今日学习：《股票作手回忆录》- 埃德温·勒菲弗

⚠️  已学习过

📊 学习进度:
   已学书籍：3/3
   验证池规则：41条
   明日预告：《股票作手回忆录》

============================================================
============================================================
📚 每日炒股书籍学习 - 2026-03-16 20:00
============================================================

📖 今日学习：《股票作手回忆录》- 埃德温·勒菲弗

⚠️  已学习过

📊 学习进度:
   已学书籍：3/3
   验证池规则：42条
   明日预告：《股票作手回忆录》

============================================================
============================================================
📚 每日炒股书籍学习 - 2026-03-17 20:00
============================================================

📖 今日学习：《股票作手回忆录》- 埃德温·勒菲弗

⚠️  已学习过

📊 学习进度:
   已学书籍：3/3
   验证池规则：43条
   明日预告：《股票作手回忆录》

============================================================
============================================================
📚 每日炒股书籍学习 - 2026-03-18 20:00
============================================================

📖 今日学习：《股票作手回忆录》- 埃德温·勒菲弗

⚠️  已学习过

📊 学习进度:
   已学书籍：3/3
   验证池规则：45条
   明日预告：《股票作手回忆录》

============================================================
