============================================================
🔄 规则晋升/废弃检查
============================================================

============================================================
📊 检查完成
  晋升: 0 条
  废弃: 0 条
  待验证: 6 条

📋 待验证规则状态:
  - rule_book_001_1: 0.0% (还需 10 样本)
  - rule_book_001_2: 0.0% (还需 10 样本)
  - rule_book_002_1: 0.0% (还需 10 样本)
  - rule_book_002_2: 0.0% (还需 10 样本)
  - rule_book_003_1: 0.0% (还需 10 样本)
============================================================
============================================================
🔄 规则晋升/废弃检查
============================================================

🗑️ 检查规则库淘汰...

  无需淘汰（所有规则表现正常或样本不足）

============================================================
📊 检查完成
  晋升: 0 条
  废弃: 0 条
  待验证: 16 条

📋 待验证规则状态:
  - rule_book_001_1: 0.0% (还需 10 样本)
  - rule_book_001_2: 0.0% (还需 10 样本)
  - rule_book_002_1: 0.0% (还需 10 样本)
  - rule_book_002_2: 0.0% (还需 10 样本)
  - rule_book_003_1: 0.0% (还需 10 样本)
============================================================
============================================================
🔄 规则晋升/废弃检查
============================================================

🗑️ 检查规则库淘汰...

  无需淘汰（所有规则表现正常或样本不足）

  ❌ 废弃: dir_industry_cycle_high
     规则: 规则 dir_industry_cycle_high
     胜率: 22.2% (9 样本)

  ❌ 废弃: industry_cycle_up
     规则: 规则 industry_cycle_up
     胜率: 0.0% (13 样本)

  ❌ 废弃: break_ma20
     规则: 规则 break_ma20
     胜率: 29.4% (34 样本)

  ❌ 废弃: industry_cycle_high
     规则: 规则 industry_cycle_high
     胜率: 15.4% (13 样本)

============================================================
📊 检查完成
  晋升: 0 条
  废弃: 4 条
  待验证: 42 条

📋 待验证规则状态:
  - rule_book_001_1: 0.0% (还需 10 样本)
  - rule_book_001_2: 0.0% (还需 10 样本)
  - rule_book_002_1: 0.0% (还需 10 样本)
  - rule_book_002_2: 0.0% (还需 10 样本)
  - rule_book_003_1: 0.0% (还需 10 样本)
============================================================
============================================================
🔄 规则晋升/废弃检查
============================================================

🗑️ 检查规则库淘汰...

  无需淘汰（所有规则表现正常或样本不足）

  ❌ 废弃: dir_industry_cycle_high
     规则: 规则 dir_industry_cycle_high
     胜率: 28.6% (7 样本)

  ❌ 废弃: break_ma20
     规则: 规则 break_ma20
     胜率: 0.0% (6 样本)

============================================================
📊 检查完成
  晋升: 0 条
  废弃: 2 条
  待验证: 43 条

📋 待验证规则状态:
  - rule_book_001_1: 0.0% (还需 10 样本)
  - rule_book_001_2: 0.0% (还需 10 样本)
  - rule_book_002_1: 0.0% (还需 10 样本)
  - rule_book_002_2: 0.0% (还需 10 样本)
  - rule_book_003_1: 0.0% (还需 10 样本)
============================================================
============================================================
🔄 规则晋升/废弃检查
============================================================

🗑️ 检查规则库淘汰...

  无需淘汰（所有规则表现正常或样本不足）

============================================================
📊 检查完成
  晋升: 0 条
  废弃: 0 条
  待验证: 45 条

📋 待验证规则状态:
  - rule_book_001_1: 0.0% (还需 10 样本)
  - rule_book_001_2: 0.0% (还需 10 样本)
  - rule_book_002_1: 0.0% (还需 10 样本)
  - rule_book_002_2: 0.0% (还需 10 样本)
  - rule_book_003_1: 0.0% (还需 10 样本)
============================================================
