============================================================
📊 复盘闭环系统 v2.0
============================================================
⏰ 时间: 2026-03-12 15:30:00

📋 待验证预测: 0 个


📝 复盘报告已保存: /Users/joe/.openclaw/workspace/china-stock-team/data/reviews/review_2026-03-12.md

============================================================
📈 复盘完成
  验证: 0 个
  ✅ 正确: 0 (0.0%)
  🔶 部分: 0
  ❌ 错误: 0
============================================================
============================================================
📊 复盘闭环系统 v2.0
============================================================
⏰ 时间: 2026-03-13 15:30:00

📋 待验证预测: 13 个

  🔶 部分正确 盐湖股份: up +0.61% (目标: 41.33)
  🔶 部分正确 西部矿业: neutral -2.09% (目标: 31.27)
  🔶 部分正确 江西铜业: neutral -2.01% (目标: 52.82)
  🔶 部分正确 中国铝业: neutral -4.48% (目标: 15.03)
  ✅ 正确 山东黄金: neutral -0.83% (目标: 47.84)
  ✅ 正确 紫金矿业: neutral -1.84% (目标: 37.17)
  ❌ 错误 五矿稀土: up -1.89% (目标: 56.74)
  🔶 部分正确 锡业股份: neutral -3.56% (目标: 39.02)
  ✅ 正确 驰宏锌锗: neutral -0.70% (目标: 10.15)
  🔶 部分正确 云南铜业: neutral -2.39% (目标: 23.46)
  🔶 部分正确 云铝股份: neutral -3.07% (目标: 36.57)
  ✅ 正确 华润微: neutral -1.56% (目标: 51.6)
  ✅ 正确 芯源微: neutral -0.83% (目标: 177.42)

📝 复盘报告已保存: /Users/joe/.openclaw/workspace/china-stock-team/data/reviews/review_2026-03-13.md

============================================================
📈 复盘完成
  验证: 13 个
  ✅ 正确: 5 (38.5%)
  🔶 部分: 7
  ❌ 错误: 1
============================================================
============================================================
📊 复盘闭环系统 v2.0
============================================================
⏰ 时间: 2026-03-16 15:30:01

📋 待验证预测: 13 个

  ❌ 错误 盐湖股份: up -5.52% (目标: 41.49)
    ⚠️ 规则 dir_industry_cycle_high 不在规则库中，跳过权重更新
  🔶 部分正确 西部矿业: neutral -3.29% (目标: 30.09)
    ⚠️ 规则 dir_industry_cycle_high 不在规则库中，跳过权重更新
  ✅ 正确 江西铜业: neutral -1.40% (目标: 50.95)
    ⚠️ 规则 dir_industry_cycle_high 不在规则库中，跳过权重更新
  🔶 部分正确 中国铝业: neutral -4.85% (目标: 14.51)
    ⚠️ 规则 break_ma20 不在规则库中，跳过权重更新
  🔶 部分正确 山东黄金: neutral -3.33% (目标: 46.52)
    ⚠️ 规则 dir_industry_cycle_high 不在规则库中，跳过权重更新
  ✅ 正确 紫金矿业: neutral -0.94% (目标: 35.78)
    ⚠️ 规则 dir_industry_cycle_high 不在规则库中，跳过权重更新
  ❌ 错误 五矿稀土: up -2.58% (目标: 55.76)
    ⚠️ 规则 dir_industry_cycle_high 不在规则库中，跳过权重更新
  ✅ 正确 锡业股份: neutral -1.93% (目标: 36.98)
    ⚠️ 规则 break_ma20 不在规则库中，跳过权重更新
  🔶 部分正确 驰宏锌锗: neutral -3.60% (目标: 9.92)
    ⚠️ 规则 break_ma20 不在规则库中，跳过权重更新
  🔶 部分正确 云南铜业: neutral -2.74% (目标: 22.34)
    ⚠️ 规则 dir_industry_cycle_high 不在规则库中，跳过权重更新
  🔶 部分正确 云铝股份: neutral -4.05% (目标: 35.99)
    ⚠️ 规则 break_ma20 不在规则库中，跳过权重更新
  ✅ 正确 华润微: neutral +0.56% (目标: 50.7)
    ⚠️ 规则 break_ma20 不在规则库中，跳过权重更新
  🔶 部分正确 芯源微: neutral +3.56% (目标: 171.87)
    ⚠️ 规则 break_ma20 不在规则库中，跳过权重更新

📝 复盘报告已保存: /Users/joe/.openclaw/workspace/china-stock-team/data/reviews/review_2026-03-16.md

============================================================
📈 复盘完成
  验证: 13 个
  ✅ 正确: 4 (30.8%)
  🔶 部分: 7
  ❌ 错误: 2
  🔗 关联交易: 0 个
============================================================
============================================================
📊 复盘闭环系统 v2.0
============================================================
⏰ 时间: 2026-03-17 15:30:00

📋 待验证预测: 13 个

  ❌ 错误 盐湖股份: up -3.47% (目标: 39.32)
    ⚠️ 规则 dir_industry_cycle_high 不在规则库中，跳过权重更新
    ✨ 新增验证规则: dir_industry_cycle_high
  🔶 部分正确 西部矿业: neutral -2.47% (目标: 29.29)
    ⚠️ 规则 dir_industry_cycle_high 不在规则库中，跳过权重更新
    ✨ 新增验证规则: dir_rsi_oversold
  🔶 部分正确 江西铜业: neutral -2.96% (目标: 51.0)
    ⚠️ 规则 dir_industry_cycle_high 不在规则库中，跳过权重更新
  🔶 部分正确 中国铝业: neutral -4.69% (目标: 13.93)
    ⚠️ 规则 break_ma20 不在规则库中，跳过权重更新
    ✨ 新增验证规则: break_ma20
  ✅ 正确 山东黄金: neutral +0.91% (目标: 44.98)
    ⚠️ 规则 dir_industry_cycle_high 不在规则库中，跳过权重更新
  ✅ 正确 紫金矿业: neutral -0.37% (目标: 35.73)
    ⚠️ 规则 dir_industry_cycle_high 不在规则库中，跳过权重更新
  ❌ 错误 中国稀土: up -2.61% (目标: 56.91)
    ⚠️ 规则 dir_industry_cycle_high 不在规则库中，跳过权重更新
  🔶 部分正确 锡业股份: neutral -2.20% (目标: 36.66)
    ⚠️ 规则 break_ma20 不在规则库中，跳过权重更新
  🔶 部分正确 驰宏锌锗: neutral -4.23% (目标: 9.65)
    ⚠️ 规则 break_ma20 不在规则库中，跳过权重更新
  🔶 部分正确 云南铜业: neutral -3.16% (目标: 21.93)
    ⚠️ 规则 dir_industry_cycle_high 不在规则库中，跳过权重更新
  ❌ 错误 云铝股份: neutral -7.29% (目标: 35.11)
    ⚠️ 规则 break_ma20 不在规则库中，跳过权重更新
  🔶 部分正确 华润微: neutral -2.20% (目标: 50.9)
    ⚠️ 规则 break_ma20 不在规则库中，跳过权重更新
  🔶 部分正确 芯源微: neutral -2.22% (目标: 177.49)
    ⚠️ 规则 break_ma20 不在规则库中，跳过权重更新

📝 复盘报告已保存: /Users/joe/.openclaw/workspace/china-stock-team/data/reviews/review_2026-03-17.md

============================================================
📈 复盘完成
  验证: 13 个
  ✅ 正确: 2 (15.4%)
  🔶 部分: 8
  ❌ 错误: 3
  🔗 关联交易: 0 个
============================================================
============================================================
📊 复盘闭环系统 v2.0
============================================================
⏰ 时间: 2026-03-18 15:30:00

📋 待验证预测: 13 个

  📊 关联交易: -1.90% 盈亏
  🔶 部分正确 盐湖股份: up +0.20% (目标: 37.31)
    ⚠️ 规则 dir_industry_cycle_high 不在规则库中，跳过权重更新
    ✨ 新增验证规则: dir_industry_cycle_high
  ✅ 正确 西部矿业: neutral -0.58% (目标: 28.25)
    ⚠️ 规则 dir_industry_cycle_high 不在规则库中，跳过权重更新
  ✅ 正确 江西铜业: neutral +0.12% (目标: 49.16)
    ⚠️ 规则 dir_industry_cycle_high 不在规则库中，跳过权重更新
  ✅ 正确 中国铝业: neutral -1.25% (目标: 13.06)
    ⚠️ 规则 break_ma20 不在规则库中，跳过权重更新
    ✨ 新增验证规则: break_ma20
  ✅ 正确 山东黄金: neutral -0.48% (目标: 44.82)
    ⚠️ 规则 dir_industry_cycle_high 不在规则库中，跳过权重更新
  ✅ 正确 紫金矿业: neutral +0.61% (目标: 35.4)
    ⚠️ 规则 dir_industry_cycle_high 不在规则库中，跳过权重更新
  ❌ 错误 中国稀土: up -0.02% (目标: 52.9)
    ⚠️ 规则 dir_industry_cycle_high 不在规则库中，跳过权重更新
  ✅ 正确 锡业股份: neutral +0.09% (目标: 35.7)
    ⚠️ 规则 break_ma20 不在规则库中，跳过权重更新
  ✅ 正确 驰宏锌锗: neutral -1.33% (目标: 9.22)
    ⚠️ 规则 break_ma20 不在规则库中，跳过权重更新
  ✅ 正确 云南铜业: neutral -1.63% (目标: 21.24)
    ⚠️ 规则 dir_industry_cycle_high 不在规则库中，跳过权重更新
  ✅ 正确 云铝股份: neutral -1.53% (目标: 32.05)
    ⚠️ 规则 break_ma20 不在规则库中，跳过权重更新
  ✅ 正确 华润微: neutral +0.18% (目标: 49.99)
    ⚠️ 规则 break_ma20 不在规则库中，跳过权重更新
  ✅ 正确 芯源微: neutral -0.49% (目标: 175.2)
    ⚠️ 规则 break_ma20 不在规则库中，跳过权重更新

📝 复盘报告已保存: /Users/joe/.openclaw/workspace/china-stock-team/data/reviews/review_2026-03-18.md

============================================================
📈 复盘完成
  验证: 13 个
  ✅ 正确: 11 (84.6%)
  🔶 部分: 1
  ❌ 错误: 1
  🔗 关联交易: 1 个
============================================================
