[2026-03-03 15:00:08] ============================================================
[2026-03-03 15:00:08] 开始每日股票扫描
[2026-03-03 15:00:08] ============================================================
[2026-03-03 15:00:08] 正在扫描股票池...
[2026-03-03 15:00:29] 扫描完成，找到 3 只符合条件的股票
[2026-03-03 15:00:29] 正在获取商品价格...
[2026-03-03 15:00:29] 飞书通知内容已保存到: /Users/joe/.openclaw/workspace/china-stock-team/logs/feishu_notify.txt
[2026-03-03 15:00:29] 扫描结果已保存到: /Users/joe/.openclaw/workspace/china-stock-team/logs/scan_result_20260303.json
[2026-03-03 15:00:29] 每日扫描完成
[2026-03-04 15:00:18] ============================================================
[2026-03-04 15:00:18] 开始每日股票扫描
[2026-03-04 15:00:18] ============================================================
[2026-03-04 15:00:18] 正在扫描股票池...
[2026-03-04 15:00:49] 扫描完成，找到 3 只符合条件的股票
[2026-03-04 15:00:49] 正在获取商品价格...
[2026-03-04 15:00:49] 飞书通知内容已保存到: /Users/joe/.openclaw/workspace/china-stock-team/logs/feishu_notify.txt
[2026-03-04 15:00:49] 扫描结果已保存到: /Users/joe/.openclaw/workspace/china-stock-team/logs/scan_result_20260304.json
[2026-03-04 15:00:49] 每日扫描完成
[2026-03-06 15:00:05] ============================================================
[2026-03-06 15:00:05] 开始每日股票扫描
[2026-03-06 15:00:05] ============================================================
[2026-03-06 15:00:05] 【风险控制检查】
[2026-03-06 15:00:05]   检查熔断机制...
[2026-03-06 15:00:05]   ✅ 熔断状态：normal, 最大仓位：1.0%
[2026-03-06 15:00:05]   检查 API 健康...
[2026-03-06 15:00:05] ❌ 扫描失败: 'APIHealthMonitor' object has no attribute 'check_all'
[2026-03-06 15:00:34] ============================================================
[2026-03-06 15:00:34] 开始每日股票扫描
[2026-03-06 15:00:34] ============================================================
[2026-03-06 15:00:34] 【风险控制检查】
[2026-03-06 15:00:34]   检查熔断机制...
[2026-03-06 15:00:35]   ✅ 熔断状态：normal, 最大仓位：1.0%
[2026-03-06 15:00:35]   检查 API 健康...
[2026-03-06 15:00:50]   ✅ API 健康：12/15 正常
[2026-03-06 15:00:50]   识别市场风格...
[2026-03-06 15:00:50] ❌ 扫描失败: 'MarketStyleMonitor' object has no attribute 'get_style'
[2026-03-06 15:01:53] ============================================================
[2026-03-06 15:01:53] 开始每日股票扫描
[2026-03-06 15:01:53] ============================================================
[2026-03-06 15:01:53] 【风险控制检查】
[2026-03-06 15:01:53]   检查熔断机制...
[2026-03-06 15:01:53]   ✅ 熔断状态：normal, 最大仓位：1.0%
[2026-03-06 15:01:53]   检查 API 健康...
[2026-03-06 15:02:04]   ✅ API 健康：12/15 正常
[2026-03-06 15:02:04]   识别市场风格...
[2026-03-06 15:02:05]   ✅ 当前风格：None
[2026-03-06 15:02:05] 正在扫描股票池...
[2026-03-06 15:02:15] 扫描完成，找到 3 只符合条件的股票
[2026-03-06 15:02:15] 【A 股特殊风险检查】
[2026-03-06 15:02:15] ❌ 扫描失败: 'AShareRiskMonitor' object has no attribute 'check_risks'
[2026-03-06 15:03:51] ============================================================
[2026-03-06 15:03:51] 开始每日股票扫描
[2026-03-06 15:03:51] ============================================================
[2026-03-06 15:03:51] 【风险控制检查】
[2026-03-06 15:03:51]   检查熔断机制...
[2026-03-06 15:03:51]   ✅ 熔断状态：normal, 最大仓位：1.0%
[2026-03-06 15:03:51]   检查 API 健康...
[2026-03-06 15:03:58]   ✅ API 健康：12/15 正常
[2026-03-06 15:03:58]   识别市场风格...
[2026-03-06 15:04:00]   ✅ 当前风格：None
[2026-03-06 15:04:00] 正在扫描股票池...
[2026-03-06 15:04:10] 扫描完成，找到 3 只符合条件的股票
[2026-03-06 15:04:10] 【A 股特殊风险检查】
[2026-03-06 15:04:10]   ✅ 贵研铂业: 无风险
[2026-03-06 15:04:10]   ✅ 中色股份: 无风险
[2026-03-06 15:04:10]   ✅ 宝地矿业: 无风险
[2026-03-06 15:04:10] 正在获取商品价格...
[2026-03-06 15:04:10] 飞书通知内容已保存到: /Users/joe/.openclaw/workspace/china-stock-team/logs/feishu_notify.txt
[2026-03-06 15:04:10] 扫描结果已保存到: /Users/joe/.openclaw/workspace/china-stock-team/logs/scan_result_20260306.json
[2026-03-06 15:04:10] 每日扫描完成
