2026-03-06 09:39:17,448 - __main__ - INFO - 测试参数 verify_param: [1, 2, 3, 4, 5]
2026-03-06 09:39:17,448 - __main__ - INFO -   verify_param=1: 收益=22.74%
2026-03-06 09:39:17,448 - __main__ - INFO -   verify_param=2: 收益=15.30%
2026-03-06 09:39:17,448 - __main__ - INFO -   verify_param=3: 收益=7.34%
2026-03-06 09:39:17,448 - __main__ - INFO -   verify_param=4: 收益=16.04%
2026-03-06 09:39:17,448 - __main__ - INFO -   verify_param=5: 收益=24.09%
2026-03-06 09:50:12,125 - __main__ - INFO - 测试参数 market_cap_max: [100, 125, 150, 175, 200, 225, 250, 275, 300]
2026-03-06 09:50:12,126 - __main__ - INFO -   market_cap_max=100: 收益=1.80%
2026-03-06 09:50:12,126 - __main__ - INFO -   market_cap_max=125: 收益=16.74%
2026-03-06 09:50:12,126 - __main__ - INFO -   market_cap_max=150: 收益=15.49%
2026-03-06 09:50:12,126 - __main__ - INFO -   market_cap_max=175: 收益=7.88%
2026-03-06 09:50:12,126 - __main__ - INFO -   market_cap_max=200: 收益=11.83%
2026-03-06 09:50:12,126 - __main__ - INFO -   market_cap_max=225: 收益=13.72%
2026-03-06 09:50:12,126 - __main__ - INFO -   market_cap_max=250: 收益=18.90%
2026-03-06 09:50:12,126 - __main__ - INFO -   market_cap_max=275: 收益=8.83%
2026-03-06 09:50:12,126 - __main__ - INFO -   market_cap_max=300: 收益=8.31%
2026-03-06 09:50:12,126 - __main__ - INFO - 测试参数 pb_max: [1.5, 1.75, 2.0, 2.25, 2.5, 2.75, 3.0, 3.25, 3.5]
2026-03-06 09:50:12,126 - __main__ - INFO -   pb_max=1.5: 收益=11.19%
2026-03-06 09:50:12,126 - __main__ - INFO -   pb_max=1.75: 收益=15.83%
2026-03-06 09:50:12,126 - __main__ - INFO -   pb_max=2.0: 收益=10.99%
2026-03-06 09:50:12,126 - __main__ - INFO -   pb_max=2.25: 收益=5.73%
2026-03-06 09:50:12,126 - __main__ - INFO -   pb_max=2.5: 收益=7.35%
2026-03-06 09:50:12,126 - __main__ - INFO -   pb_max=2.75: 收益=15.78%
2026-03-06 09:50:12,126 - __main__ - INFO -   pb_max=3.0: 收益=10.57%
2026-03-06 09:50:12,126 - __main__ - INFO -   pb_max=3.25: 收益=10.37%
2026-03-06 09:50:12,126 - __main__ - INFO -   pb_max=3.5: 收益=11.03%
2026-03-06 09:50:12,126 - __main__ - INFO - 测试参数 roe_min: [5, 6, 7, 8, 9, 10, 11, 12, 13, 14, 15]
2026-03-06 09:50:12,126 - __main__ - INFO -   roe_min=5: 收益=8.84%
2026-03-06 09:50:12,126 - __main__ - INFO -   roe_min=6: 收益=9.53%
2026-03-06 09:50:12,126 - __main__ - INFO -   roe_min=7: 收益=2.93%
2026-03-06 09:50:12,127 - __main__ - INFO -   roe_min=8: 收益=14.83%
2026-03-06 09:50:12,127 - __main__ - INFO -   roe_min=9: 收益=7.11%
2026-03-06 09:50:12,127 - __main__ - INFO -   roe_min=10: 收益=15.44%
2026-03-06 09:50:12,127 - __main__ - INFO -   roe_min=11: 收益=11.92%
2026-03-06 09:50:12,127 - __main__ - INFO -   roe_min=12: 收益=4.33%
2026-03-06 09:50:12,127 - __main__ - INFO -   roe_min=13: 收益=13.89%
2026-03-06 09:50:12,127 - __main__ - INFO -   roe_min=14: 收益=11.20%
2026-03-06 09:50:12,127 - __main__ - INFO -   roe_min=15: 收益=16.88%
2026-03-06 09:50:12,127 - __main__ - INFO - 开始蒙特卡洛实战：100次
2026-03-06 09:50:12,128 - __main__ - INFO -   进度：100/100, 平均收益=12.44%
2026-03-06 09:50:12,131 - __main__ - INFO - 实战完成：平均=12.44%, 标准差=4.73%, 正收益比例=100.0%
2026-03-06 09:50:12,131 - __main__ - INFO - 开始滚动窗口回测：训练3窗口，测试1窗口
2026-03-06 09:50:12,131 - __main__ - INFO -   窗口1/25: 收益=19.91%
2026-03-06 09:50:12,131 - __main__ - INFO -   窗口2/25: 收益=12.51%
2026-03-06 09:50:12,131 - __main__ - INFO -   窗口3/25: 收益=9.30%
2026-03-06 09:50:12,131 - __main__ - INFO -   窗口4/25: 收益=20.37%
2026-03-06 09:50:12,131 - __main__ - INFO -   窗口5/25: 收益=12.81%
2026-03-06 09:50:12,131 - __main__ - INFO -   窗口6/25: 收益=8.93%
2026-03-06 09:50:12,131 - __main__ - INFO -   窗口7/25: 收益=18.26%
2026-03-06 09:50:12,132 - __main__ - INFO -   窗口8/25: 收益=17.24%
2026-03-06 09:50:12,132 - __main__ - INFO -   窗口9/25: 收益=25.54%
2026-03-06 09:50:12,132 - __main__ - INFO -   窗口10/25: 收益=11.52%
2026-03-06 09:50:12,132 - __main__ - INFO -   窗口11/25: 收益=18.53%
2026-03-06 09:50:12,132 - __main__ - INFO -   窗口12/25: 收益=13.82%
2026-03-06 09:50:12,132 - __main__ - INFO -   窗口13/25: 收益=12.38%
2026-03-06 09:50:12,132 - __main__ - INFO -   窗口14/25: 收益=9.81%
2026-03-06 09:50:12,132 - __main__ - INFO -   窗口15/25: 收益=6.76%
2026-03-06 09:50:12,132 - __main__ - INFO -   窗口16/25: 收益=8.59%
2026-03-06 09:50:12,132 - __main__ - INFO -   窗口17/25: 收益=25.28%
2026-03-06 09:50:12,132 - __main__ - INFO -   窗口18/25: 收益=6.51%
2026-03-06 09:50:12,132 - __main__ - INFO -   窗口19/25: 收益=13.45%
2026-03-06 09:50:12,132 - __main__ - INFO -   窗口20/25: 收益=10.02%
2026-03-06 09:50:12,132 - __main__ - INFO -   窗口21/25: 收益=15.98%
2026-03-06 09:50:12,132 - __main__ - INFO -   窗口22/25: 收益=14.92%
2026-03-06 09:50:12,132 - __main__ - INFO -   窗口23/25: 收益=15.61%
2026-03-06 09:50:12,132 - __main__ - INFO -   窗口24/25: 收益=19.33%
2026-03-06 09:50:12,132 - __main__ - INFO -   窗口25/25: 收益=29.47%
2026-03-06 09:50:12,132 - __main__ - INFO - 滚动回测完成：平均=15.07%, 一致性=100.0%, 稳定性=✅
2026-03-06 09:50:12,132 - __main__ - INFO - 报告已保存：/Users/joe/.openclaw/workspace/china-stock-team/outputs/overfitting_verify_20260306.md
