============================================================
🔄 规则晋升/废弃检查
============================================================

🗑️ 检查规则库淘汰...

  无需淘汰（所有规则表现正常或样本不足）

============================================================
📊 检查完成
  晋升: 0 条
  废弃: 0 条
  待验证: 16 条

📋 待验证规则状态:
  - rule_book_001_1: 0.0% (还需 10 样本)
  - rule_book_001_2: 0.0% (还需 10 样本)
  - rule_book_002_1: 0.0% (还需 10 样本)
  - rule_book_002_2: 0.0% (还需 10 样本)
  - rule_book_003_1: 0.0% (还需 10 样本)
============================================================

==================================================
时间: 2026-03-13T16:00:22.919563
命令: /Users/joe/.openclaw/workspace/china-stock-team/venv/bin/python3 /Users/joe/.openclaw/workspace/china-stock-team/scripts/rule_promotion.py
==================================================

